$**************  SCADETOC Version 6.4.2 (build i26) **************
** Generation date: 2015-09-23T19:20:52
** Command: scade -code "C:\Users\Marrcio\Copy\EstudosRemote\ITA\Cunha\SI-GAC\BombeirosRescaldo\BombeirosRescaldo.etp" -node Main -conf Simulation -build
*************************************************************$
*** Generated Files Information (GENFIL): KCG- Generated files
 ~kcg.log
  at file C:\Users\Marrcio\Copy\EstudosRemote\ITA\Cunha\SI-GAC\BombeirosRescaldo\Simulation\kcg.log, line 0, character 0
 ~kcg_s2c_config.txt
  at file C:\Users\Marrcio\Copy\EstudosRemote\ITA\Cunha\SI-GAC\BombeirosRescaldo\Simulation\kcg_s2c_config.txt, line 0, character 0
 ~kcg_trace.xml
  at file C:\Users\Marrcio\Copy\EstudosRemote\ITA\Cunha\SI-GAC\BombeirosRescaldo\Simulation\kcg_trace.xml, line 0, character 0
 ~kcg_metrics.txt
  at file C:\Users\Marrcio\Copy\EstudosRemote\ITA\Cunha\SI-GAC\BombeirosRescaldo\Simulation\kcg_metrics.txt, line 0, character 0
 ~Main.c
  at file C:\Users\Marrcio\Copy\EstudosRemote\ITA\Cunha\SI-GAC\BombeirosRescaldo\Simulation\Main.c, line 0, character 0
 ~Main.h
  at file C:\Users\Marrcio\Copy\EstudosRemote\ITA\Cunha\SI-GAC\BombeirosRescaldo\Simulation\Main.h, line 0, character 0
 ~kcg_types.h
  at file C:\Users\Marrcio\Copy\EstudosRemote\ITA\Cunha\SI-GAC\BombeirosRescaldo\Simulation\kcg_types.h, line 0, character 0
 ~kcg_consts.h
  at file C:\Users\Marrcio\Copy\EstudosRemote\ITA\Cunha\SI-GAC\BombeirosRescaldo\Simulation\kcg_consts.h, line 0, character 0
 ~kcg_sensors.h
  at file C:\Users\Marrcio\Copy\EstudosRemote\ITA\Cunha\SI-GAC\BombeirosRescaldo\Simulation\kcg_sensors.h, line 0, character 0
 ~kcg_types.c
  at file C:\Users\Marrcio\Copy\EstudosRemote\ITA\Cunha\SI-GAC\BombeirosRescaldo\Simulation\kcg_types.c, line 0, character 0
 ~kcg_consts.c
  at file C:\Users\Marrcio\Copy\EstudosRemote\ITA\Cunha\SI-GAC\BombeirosRescaldo\Simulation\kcg_consts.c, line 0, character 0
*** Generated Files Information (GENFIL): Simulator Generated files
 ~Main_UA_1.c
  at file C:\Users\Marrcio\Copy\EstudosRemote\ITA\Cunha\SI-GAC\BombeirosRescaldo\Simulation\Main_UA_1.c, line 0, character 0
 ~Main_UA_1.h
  at file C:\Users\Marrcio\Copy\EstudosRemote\ITA\Cunha\SI-GAC\BombeirosRescaldo\Simulation\Main_UA_1.h, line 0, character 0
 ~Main_cosim.c
  at file C:\Users\Marrcio\Copy\EstudosRemote\ITA\Cunha\SI-GAC\BombeirosRescaldo\Simulation\Main_cosim.c, line 0, character 0
 ~Main_type.h
  at file C:\Users\Marrcio\Copy\EstudosRemote\ITA\Cunha\SI-GAC\BombeirosRescaldo\Simulation\Main_type.h, line 0, character 0
 ~Main_type.c
  at file C:\Users\Marrcio\Copy\EstudosRemote\ITA\Cunha\SI-GAC\BombeirosRescaldo\Simulation\Main_type.c, line 0, character 0
 ~Main_mapping.h
  at file C:\Users\Marrcio\Copy\EstudosRemote\ITA\Cunha\SI-GAC\BombeirosRescaldo\Simulation\Main_mapping.h, line 0, character 0
 ~Main_mapping.c
  at file C:\Users\Marrcio\Copy\EstudosRemote\ITA\Cunha\SI-GAC\BombeirosRescaldo\Simulation\Main_mapping.c, line 0, character 0
 ~Main_interface.h
  at file C:\Users\Marrcio\Copy\EstudosRemote\ITA\Cunha\SI-GAC\BombeirosRescaldo\Simulation\Main_interface.h, line 0, character 0
 ~Main_interface.c
  at file C:\Users\Marrcio\Copy\EstudosRemote\ITA\Cunha\SI-GAC\BombeirosRescaldo\Simulation\Main_interface.c, line 0, character 0
 ~Main_dll.c
  at file C:\Users\Marrcio\Copy\EstudosRemote\ITA\Cunha\SI-GAC\BombeirosRescaldo\Simulation\Main_dll.c, line 0, character 0
*** Generated Files Information (GENFIL): Type Utils Generated files
 ~BombeirosRescaldo_newtype.h
  at file C:\Users\Marrcio\Copy\EstudosRemote\ITA\Cunha\SI-GAC\BombeirosRescaldo\Simulation\BombeirosRescaldo_newtype.h, line 0, character 0
 ~BombeirosRescaldo_newtype.c
  at file C:\Users\Marrcio\Copy\EstudosRemote\ITA\Cunha\SI-GAC\BombeirosRescaldo\Simulation\BombeirosRescaldo_newtype.c, line 0, character 0
*** Generated Files Information (GENFIL): Mapping Utils Generated files
 ~BombeirosRescaldo_newmapping.h
  at file C:\Users\Marrcio\Copy\EstudosRemote\ITA\Cunha\SI-GAC\BombeirosRescaldo\Simulation\BombeirosRescaldo_newmapping.h, line 0, character 0
 ~BombeirosRescaldo_newmapping.c
  at file C:\Users\Marrcio\Copy\EstudosRemote\ITA\Cunha\SI-GAC\BombeirosRescaldo\Simulation\BombeirosRescaldo_newmapping.c, line 0, character 0
*** Generated Files Information (GENFIL): Build Generated files
 ~Makefile
  at file C:\Users\Marrcio\Copy\EstudosRemote\ITA\Cunha\SI-GAC\BombeirosRescaldo\Simulation\Makefile, line 0, character 0
 ~Main.dll
  at file C:\Users\Marrcio\Copy\EstudosRemote\ITA\Cunha\SI-GAC\BombeirosRescaldo\Simulation\Main.dll, line 0, character 0
 ~Main.exe
  at file C:\Users\Marrcio\Copy\EstudosRemote\ITA\Cunha\SI-GAC\BombeirosRescaldo\Simulation\Main.exe, line 0, character 0
*** Generated Files Information (GENFIL): Code Generator Generated files
 ~sc2c.log
  at file C:\Users\Marrcio\Copy\EstudosRemote\ITA\Cunha\SI-GAC\BombeirosRescaldo\Simulation\sc2c.log, line 0, character 0
 ~sc2c_integration_files.txt
  at file C:\Users\Marrcio\Copy\EstudosRemote\ITA\Cunha\SI-GAC\BombeirosRescaldo\Simulation\sc2c_integration_files.txt, line 0, character 0
$**************  SCADETOC Version 6.4.2 (build i26) **************
** Generation date: 2015-09-23T19:20:59
** sc2c.log
*************************************************************$
