$**************  SCADETOC Version 6.4.2 (build i26) **************
** Generation date: 2015-09-24T00:58:55
** Command: scade -code "C:\Users\Goku\Desktop\scade\BO\BO\BO\BO.etp" -node Enviar -conf Simulation -build
*************************************************************$
*** Generated Files Information (GENFIL): KCG- Generated files
 ~kcg.log
  at file C:\Users\Goku\Desktop\scade\BO\BO\BO\Simulation\kcg.log, line 0, character 0
 ~kcg_s2c_config.txt
  at file C:\Users\Goku\Desktop\scade\BO\BO\BO\Simulation\kcg_s2c_config.txt, line 0, character 0
 ~kcg_trace.xml
  at file C:\Users\Goku\Desktop\scade\BO\BO\BO\Simulation\kcg_trace.xml, line 0, character 0
 ~kcg_metrics.txt
  at file C:\Users\Goku\Desktop\scade\BO\BO\BO\Simulation\kcg_metrics.txt, line 0, character 0
 ~Enviar.c
  at file C:\Users\Goku\Desktop\scade\BO\BO\BO\Simulation\Enviar.c, line 0, character 0
 ~Enviar.h
  at file C:\Users\Goku\Desktop\scade\BO\BO\BO\Simulation\Enviar.h, line 0, character 0
 ~kcg_types.h
  at file C:\Users\Goku\Desktop\scade\BO\BO\BO\Simulation\kcg_types.h, line 0, character 0
 ~kcg_consts.h
  at file C:\Users\Goku\Desktop\scade\BO\BO\BO\Simulation\kcg_consts.h, line 0, character 0
 ~kcg_sensors.h
  at file C:\Users\Goku\Desktop\scade\BO\BO\BO\Simulation\kcg_sensors.h, line 0, character 0
 ~kcg_types.c
  at file C:\Users\Goku\Desktop\scade\BO\BO\BO\Simulation\kcg_types.c, line 0, character 0
 ~kcg_consts.c
  at file C:\Users\Goku\Desktop\scade\BO\BO\BO\Simulation\kcg_consts.c, line 0, character 0
*** Generated Files Information (GENFIL): Simulator Generated files
 ~Enviar_UA_1.c
  at file C:\Users\Goku\Desktop\scade\BO\BO\BO\Simulation\Enviar_UA_1.c, line 0, character 0
 ~Enviar_UA_1.h
  at file C:\Users\Goku\Desktop\scade\BO\BO\BO\Simulation\Enviar_UA_1.h, line 0, character 0
 ~Enviar_cosim.c
  at file C:\Users\Goku\Desktop\scade\BO\BO\BO\Simulation\Enviar_cosim.c, line 0, character 0
 ~Enviar_type.h
  at file C:\Users\Goku\Desktop\scade\BO\BO\BO\Simulation\Enviar_type.h, line 0, character 0
 ~Enviar_type.c
  at file C:\Users\Goku\Desktop\scade\BO\BO\BO\Simulation\Enviar_type.c, line 0, character 0
 ~Enviar_mapping.h
  at file C:\Users\Goku\Desktop\scade\BO\BO\BO\Simulation\Enviar_mapping.h, line 0, character 0
 ~Enviar_mapping.c
  at file C:\Users\Goku\Desktop\scade\BO\BO\BO\Simulation\Enviar_mapping.c, line 0, character 0
 ~Enviar_interface.h
  at file C:\Users\Goku\Desktop\scade\BO\BO\BO\Simulation\Enviar_interface.h, line 0, character 0
 ~Enviar_interface.c
  at file C:\Users\Goku\Desktop\scade\BO\BO\BO\Simulation\Enviar_interface.c, line 0, character 0
 ~Enviar_dll.c
  at file C:\Users\Goku\Desktop\scade\BO\BO\BO\Simulation\Enviar_dll.c, line 0, character 0
*** Generated Files Information (GENFIL): Type Utils Generated files
 ~BO_newtype.h
  at file C:\Users\Goku\Desktop\scade\BO\BO\BO\Simulation\BO_newtype.h, line 0, character 0
 ~BO_newtype.c
  at file C:\Users\Goku\Desktop\scade\BO\BO\BO\Simulation\BO_newtype.c, line 0, character 0
*** Generated Files Information (GENFIL): Mapping Utils Generated files
 ~BO_newmapping.h
  at file C:\Users\Goku\Desktop\scade\BO\BO\BO\Simulation\BO_newmapping.h, line 0, character 0
 ~BO_newmapping.c
  at file C:\Users\Goku\Desktop\scade\BO\BO\BO\Simulation\BO_newmapping.c, line 0, character 0
*** Generated Files Information (GENFIL): Build Generated files
 ~Makefile
  at file C:\Users\Goku\Desktop\scade\BO\BO\BO\Simulation\Makefile, line 0, character 0
 ~Enviar.dll
  at file C:\Users\Goku\Desktop\scade\BO\BO\BO\Simulation\Enviar.dll, line 0, character 0
 ~Enviar.exe
  at file C:\Users\Goku\Desktop\scade\BO\BO\BO\Simulation\Enviar.exe, line 0, character 0
*** Generated Files Information (GENFIL): Code Generator Generated files
 ~sc2c.log
  at file C:\Users\Goku\Desktop\scade\BO\BO\BO\Simulation\sc2c.log, line 0, character 0
 ~sc2c_integration_files.txt
  at file C:\Users\Goku\Desktop\scade\BO\BO\BO\Simulation\sc2c_integration_files.txt, line 0, character 0
$**************  SCADETOC Version 6.4.2 (build i26) **************
** Generation date: 2015-09-24T00:59:11
** sc2c.log
*************************************************************$
