$**************  SCADETOC Version 6.4.2 (build i26) **************
** Generation date: 2015-09-24T10:14:57
** Command: scade -code "C:\Users\thais\projetosigac\UA\UTI-availability\UTI-availability.etp" -node UTI -conf KCG
*************************************************************$
*** Generated Files Information (GENFIL): KCG- Generated files
 ~kcg.log
  at file C:\Users\thais\projetosigac\UA\UTI-availability\KCG\kcg.log, line 0, character 0
 ~kcg_s2c_config.txt
  at file C:\Users\thais\projetosigac\UA\UTI-availability\KCG\kcg_s2c_config.txt, line 0, character 0
 ~kcg_trace.xml
  at file C:\Users\thais\projetosigac\UA\UTI-availability\KCG\kcg_trace.xml, line 0, character 0
 ~kcg_metrics.txt
  at file C:\Users\thais\projetosigac\UA\UTI-availability\KCG\kcg_metrics.txt, line 0, character 0
 ~UTI.c
  at file C:\Users\thais\projetosigac\UA\UTI-availability\KCG\UTI.c, line 0, character 0
 ~UTI.h
  at file C:\Users\thais\projetosigac\UA\UTI-availability\KCG\UTI.h, line 0, character 0
 ~kcg_types.h
  at file C:\Users\thais\projetosigac\UA\UTI-availability\KCG\kcg_types.h, line 0, character 0
 ~kcg_consts.h
  at file C:\Users\thais\projetosigac\UA\UTI-availability\KCG\kcg_consts.h, line 0, character 0
 ~kcg_sensors.h
  at file C:\Users\thais\projetosigac\UA\UTI-availability\KCG\kcg_sensors.h, line 0, character 0
 ~kcg_types.c
  at file C:\Users\thais\projetosigac\UA\UTI-availability\KCG\kcg_types.c, line 0, character 0
 ~kcg_consts.c
  at file C:\Users\thais\projetosigac\UA\UTI-availability\KCG\kcg_consts.c, line 0, character 0
*** Generated Files Information (GENFIL): Code Generator Generated files
 ~sc2c.log
  at file C:\Users\thais\projetosigac\UA\UTI-availability\KCG\sc2c.log, line 0, character 0
 ~sc2c_integration_files.txt
  at file C:\Users\thais\projetosigac\UA\UTI-availability\KCG\sc2c_integration_files.txt, line 0, character 0
$**************  SCADETOC Version 6.4.2 (build i26) **************
** Generation date: 2015-09-24T10:15:00
** sc2c.log
*************************************************************$
