

Generating DF...
dfgen.exe -n "C:\Program Files (x86)\Esterel Technologies\SCADE R16.2.1\SCADE Display\config\a661_description\a661.xml" -outdir "E:\My Documents\ITA\CE-235-sistemas-embarcados\SIGAC\TS02\DF\painelAmbulancia\alertaOcorrencia_DF" -encoding UTF-8 -pictures "E:\My Documents\ITA\CE-235-sistemas-embarcados\SIGAC\TS02\DF\painelAmbulancia\picture_table.pdt" -o alertaOcorrencia "E:\My Documents\ITA\CE-235-sistemas-embarcados\SIGAC\TS02\DF\painelAmbulancia\alertaOcorrencia.sgfx"
I0001: SCADE UA DF Generator Version 6.6.1 i8 (c) Esterel Technologies SA 2011-2015 started at 2015-11-25T09:08:55.
I0005: Command line: dfgen.exe -n "C:\Program Files (x86)\Esterel Technologies\SCADE R16.2.1\SCADE Display\config\a661_description\a661.xml" -outdir "E:\My Documents\ITA\CE-235-sistemas-embarcados\SIGAC\TS02\DF\painelAmbulancia\alertaOcorrencia_DF" -encoding UTF-8 -pictures "E:\My Documents\ITA\CE-235-sistemas-embarcados\SIGAC\TS02\DF\painelAmbulancia\picture_table.pdt" -o alertaOcorrencia "E:\My Documents\ITA\CE-235-sistemas-embarcados\SIGAC\TS02\DF\painelAmbulancia\alertaOcorrencia.sgfx"
I0007: Input file: C:\Program Files (x86)\Esterel Technologies\SCADE R16.2.1\SCADE Display\config\a661_description\a661.xml
I0007: Input file: C:\Program Files (x86)\Esterel Technologies\SCADE R16.2.1\SCADE Display\config\a661_description\const.xml
I0007: Input file: C:\Program Files (x86)\Esterel Technologies\SCADE R16.2.1\SCADE Display\config\a661_description\type.xml
I0007: Input file: C:\Program Files (x86)\Esterel Technologies\SCADE R16.2.1\SCADE Display\config\a661_description\a661hierarchy.xml
I0007: Input file: C:\Program Files (x86)\Esterel Technologies\SCADE R16.2.1\SCADE Display\config\a661_description\SymbolCommands\a661symbolHierarchy.xml
I0007: Input file: C:\Program Files (x86)\Esterel Technologies\SCADE R16.2.1\SCADE Display\config\a661_description\WidgetExtensions\a661extensionHierarchy.xml
I0007: Input file: C:\Program Files (x86)\Esterel Technologies\SCADE R16.2.1\SCADE Display\config\a661_description\a661layer.xml
I0007: Input file: C:\Program Files (x86)\Esterel Technologies\SCADE R16.2.1\SCADE Display\config\a661_description\BasicContainer.xml
I0007: Input file: C:\Program Files (x86)\Esterel Technologies\SCADE R16.2.1\SCADE Display\config\a661_description\BlinkingContainer.xml
I0007: Input file: C:\Program Files (x86)\Esterel Technologies\SCADE R16.2.1\SCADE Display\config\a661_description\RotationContainer.xml
I0007: Input file: C:\Program Files (x86)\Esterel Technologies\SCADE R16.2.1\SCADE Display\config\a661_description\TranslationContainer.xml
I0007: Input file: C:\Program Files (x86)\Esterel Technologies\SCADE R16.2.1\SCADE Display\config\a661_description\MaskContainer.xml
I0007: Input file: C:\Program Files (x86)\Esterel Technologies\SCADE R16.2.1\SCADE Display\config\a661_description\MutuallyExclusiveContainer.xml
I0007: Input file: C:\Program Files (x86)\Esterel Technologies\SCADE R16.2.1\SCADE Display\config\a661_description\PagingContainer.xml
I0007: Input file: C:\Program Files (x86)\Esterel Technologies\SCADE R16.2.1\SCADE Display\config\a661_description\Panel.xml
I0007: Input file: C:\Program Files (x86)\Esterel Technologies\SCADE R16.2.1\SCADE Display\config\a661_description\PopUpPanel.xml
I0007: Input file: C:\Program Files (x86)\Esterel Technologies\SCADE R16.2.1\SCADE Display\config\a661_description\PopUpPanelButton.xml
I0007: Input file: C:\Program Files (x86)\Esterel Technologies\SCADE R16.2.1\SCADE Display\config\a661_description\ScrollPanel.xml
I0007: Input file: C:\Program Files (x86)\Esterel Technologies\SCADE R16.2.1\SCADE Display\config\a661_description\RadioBox.xml
I0007: Input file: C:\Program Files (x86)\Esterel Technologies\SCADE R16.2.1\SCADE Display\config\a661_description\TabbedPanelGroup.xml
I0007: Input file: C:\Program Files (x86)\Esterel Technologies\SCADE R16.2.1\SCADE Display\config\a661_description\TabbedPanel.xml
I0007: Input file: C:\Program Files (x86)\Esterel Technologies\SCADE R16.2.1\SCADE Display\config\a661_description\MenuBar.xml
I0007: Input file: C:\Program Files (x86)\Esterel Technologies\SCADE R16.2.1\SCADE Display\config\a661_description\SizeToFitContainer.xml
I0007: Input file: C:\Program Files (x86)\Esterel Technologies\SCADE R16.2.1\SCADE Display\config\a661_description\ShuffleToFitContainer.xml
I0007: Input file: C:\Program Files (x86)\Esterel Technologies\SCADE R16.2.1\SCADE Display\config\a661_description\WatchdogContainer.xml
I0007: Input file: C:\Program Files (x86)\Esterel Technologies\SCADE R16.2.1\SCADE Display\config\a661_description\ActiveArea.xml
I0007: Input file: C:\Program Files (x86)\Esterel Technologies\SCADE R16.2.1\SCADE Display\config\a661_description\CursorOver.xml
I0007: Input file: C:\Program Files (x86)\Esterel Technologies\SCADE R16.2.1\SCADE Display\config\a661_description\CursorPosOverlay.xml
I0007: Input file: C:\Program Files (x86)\Esterel Technologies\SCADE R16.2.1\SCADE Display\config\a661_description\CheckButton.xml
I0007: Input file: C:\Program Files (x86)\Esterel Technologies\SCADE R16.2.1\SCADE Display\config\a661_description\EditBoxText.xml
I0007: Input file: C:\Program Files (x86)\Esterel Technologies\SCADE R16.2.1\SCADE Display\config\a661_description\EditBoxNumeric.xml
I0007: Input file: C:\Program Files (x86)\Esterel Technologies\SCADE R16.2.1\SCADE Display\config\a661_description\EditBoxNumericBCD.xml
I0007: Input file: C:\Program Files (x86)\Esterel Technologies\SCADE R16.2.1\SCADE Display\config\a661_description\EditBoxMasked.xml
I0007: Input file: C:\Program Files (x86)\Esterel Technologies\SCADE R16.2.1\SCADE Display\config\a661_description\EditBoxMultiLine.xml
I0007: Input file: C:\Program Files (x86)\Esterel Technologies\SCADE R16.2.1\SCADE Display\config\a661_description\PushButton.xml
I0007: Input file: C:\Program Files (x86)\Esterel Technologies\SCADE R16.2.1\SCADE Display\config\a661_description\PicturePushButton.xml
I0007: Input file: C:\Program Files (x86)\Esterel Technologies\SCADE R16.2.1\SCADE Display\config\a661_description\SymbolPushButton.xml
I0007: Input file: C:\Program Files (x86)\Esterel Technologies\SCADE R16.2.1\SCADE Display\config\a661_description\ToggleButton.xml
I0007: Input file: C:\Program Files (x86)\Esterel Technologies\SCADE R16.2.1\SCADE Display\config\a661_description\PictureToggleButton.xml
I0007: Input file: C:\Program Files (x86)\Esterel Technologies\SCADE R16.2.1\SCADE Display\config\a661_description\SymbolToggleButton.xml
I0007: Input file: C:\Program Files (x86)\Esterel Technologies\SCADE R16.2.1\SCADE Display\config\a661_description\ComboBox.xml
I0007: Input file: C:\Program Files (x86)\Esterel Technologies\SCADE R16.2.1\SCADE Display\config\a661_description\ComboBoxEdit.xml
I0007: Input file: C:\Program Files (x86)\Esterel Technologies\SCADE R16.2.1\SCADE Display\config\a661_description\SelectionListButton.xml
I0007: Input file: C:\Program Files (x86)\Esterel Technologies\SCADE R16.2.1\SCADE Display\config\a661_description\PopUpMenu.xml
I0007: Input file: C:\Program Files (x86)\Esterel Technologies\SCADE R16.2.1\SCADE Display\config\a661_description\PopUpMenuButton.xml
I0007: Input file: C:\Program Files (x86)\Esterel Technologies\SCADE R16.2.1\SCADE Display\config\a661_description\ScrollList.xml
I0007: Input file: C:\Program Files (x86)\Esterel Technologies\SCADE R16.2.1\SCADE Display\config\a661_description\Slider.xml
I0007: Input file: C:\Program Files (x86)\Esterel Technologies\SCADE R16.2.1\SCADE Display\config\a661_description\GpArcCircle.xml
I0007: Input file: C:\Program Files (x86)\Esterel Technologies\SCADE R16.2.1\SCADE Display\config\a661_description\GpArcEllipse.xml
I0007: Input file: C:\Program Files (x86)\Esterel Technologies\SCADE R16.2.1\SCADE Display\config\a661_description\GpCrown.xml
I0007: Input file: C:\Program Files (x86)\Esterel Technologies\SCADE R16.2.1\SCADE Display\config\a661_description\GpPolyline.xml
I0007: Input file: C:\Program Files (x86)\Esterel Technologies\SCADE R16.2.1\SCADE Display\config\a661_description\GpLine.xml
I0007: Input file: C:\Program Files (x86)\Esterel Technologies\SCADE R16.2.1\SCADE Display\config\a661_description\GpLinePolar.xml
I0007: Input file: C:\Program Files (x86)\Esterel Technologies\SCADE R16.2.1\SCADE Display\config\a661_description\GpRectangle.xml
I0007: Input file: C:\Program Files (x86)\Esterel Technologies\SCADE R16.2.1\SCADE Display\config\a661_description\GpTriangle.xml
I0007: Input file: C:\Program Files (x86)\Esterel Technologies\SCADE R16.2.1\SCADE Display\config\a661_description\Label.xml
I0007: Input file: C:\Program Files (x86)\Esterel Technologies\SCADE R16.2.1\SCADE Display\config\a661_description\LabelComplex.xml
I0007: Input file: C:\Program Files (x86)\Esterel Technologies\SCADE R16.2.1\SCADE Display\config\a661_description\Picture.xml
I0007: Input file: C:\Program Files (x86)\Esterel Technologies\SCADE R16.2.1\SCADE Display\config\a661_description\PictureAnimated.xml
I0007: Input file: C:\Program Files (x86)\Esterel Technologies\SCADE R16.2.1\SCADE Display\config\a661_description\Symbol.xml
I0007: Input file: C:\Program Files (x86)\Esterel Technologies\SCADE R16.2.1\SCADE Display\config\a661_description\SymbolAnimated.xml
I0007: Input file: C:\Program Files (x86)\Esterel Technologies\SCADE R16.2.1\SCADE Display\config\a661_description\NumericReadout.xml
I0007: Input file: C:\Program Files (x86)\Esterel Technologies\SCADE R16.2.1\SCADE Display\config\a661_description\MapHorz.xml
I0007: Input file: C:\Program Files (x86)\Esterel Technologies\SCADE R16.2.1\SCADE Display\config\a661_description\MapHorz_Source.xml
I0007: Input file: C:\Program Files (x86)\Esterel Technologies\SCADE R16.2.1\SCADE Display\config\a661_description\MapHorz_ItemList.xml
I0007: Input file: C:\Program Files (x86)\Esterel Technologies\SCADE R16.2.1\SCADE Display\config\a661_description\MapVert.xml
I0007: Input file: C:\Program Files (x86)\Esterel Technologies\SCADE R16.2.1\SCADE Display\config\a661_description\MapVert_ItemList.xml
I0007: Input file: C:\Program Files (x86)\Esterel Technologies\SCADE R16.2.1\SCADE Display\config\a661_description\MapVert_Source.xml
I0007: Input file: C:\Program Files (x86)\Esterel Technologies\SCADE R16.2.1\SCADE Display\config\a661_description\MapGrid.xml
I0007: Input file: C:\Program Files (x86)\Esterel Technologies\SCADE R16.2.1\SCADE Display\config\a661_description\MapHorz_Container.xml
I0007: Input file: C:\Program Files (x86)\Esterel Technologies\SCADE R16.2.1\SCADE Display\config\a661_description\MapHorz_Panel.xml
I0007: Input file: C:\Program Files (x86)\Esterel Technologies\SCADE R16.2.1\SCADE Display\config\a661_description\BroadcastReceiver.xml
I0007: Input file: C:\Program Files (x86)\Esterel Technologies\SCADE R16.2.1\SCADE Display\config\a661_description\BufferFormat.xml
I0007: Input file: C:\Program Files (x86)\Esterel Technologies\SCADE R16.2.1\SCADE Display\config\a661_description\Connector.xml
I0007: Input file: C:\Program Files (x86)\Esterel Technologies\SCADE R16.2.1\SCADE Display\config\a661_description\CursorRef.xml
I0007: Input file: C:\Program Files (x86)\Esterel Technologies\SCADE R16.2.1\SCADE Display\config\a661_description\DataScalingLong.xml
I0007: Input file: C:\Program Files (x86)\Esterel Technologies\SCADE R16.2.1\SCADE Display\config\a661_description\DataScalingULong.xml
I0007: Input file: C:\Program Files (x86)\Esterel Technologies\SCADE R16.2.1\SCADE Display\config\a661_description\DataScalingFR180.xml
I0007: Input file: C:\Program Files (x86)\Esterel Technologies\SCADE R16.2.1\SCADE Display\config\a661_description\ExternalSource.xml
I0007: Input file: C:\Program Files (x86)\Esterel Technologies\SCADE R16.2.1\SCADE Display\config\a661_description\FocusIn.xml
I0007: Input file: C:\Program Files (x86)\Esterel Technologies\SCADE R16.2.1\SCADE Display\config\a661_description\FocusOut.xml
I0007: Input file: C:\Program Files (x86)\Esterel Technologies\SCADE R16.2.1\SCADE Display\config\a661_description\FocusLink.xml
I0007: Input file: C:\Program Files (x86)\Esterel Technologies\SCADE R16.2.1\SCADE Display\config\a661_description\NoServiceMonitor.xml
I0007: Input file: C:\Program Files (x86)\Esterel Technologies\SCADE R16.2.1\SCADE Display\config\a661_description\ProxyButton.xml
I0007: Input file: C:\Program Files (x86)\Esterel Technologies\SCADE R16.2.1\SCADE Display\config\a661_description\SymbolCommands\Standard.xml
I0007: Input file: C:\Program Files (x86)\Esterel Technologies\SCADE R16.2.1\SCADE Display\config\a661_description\SymbolCommands\Focus.xml
I0007: Input file: C:\Program Files (x86)\Esterel Technologies\SCADE R16.2.1\SCADE Display\config\a661_description\SymbolCommands\Highlight.xml
I0007: Input file: C:\Program Files (x86)\Esterel Technologies\SCADE R16.2.1\SCADE Display\config\a661_description\SymbolCommands\RectangularSensitiveArea.xml
I0007: Input file: C:\Program Files (x86)\Esterel Technologies\SCADE R16.2.1\SCADE Display\config\a661_description\SymbolCommands\CircularSensitiveArea.xml
I0007: Input file: C:\Program Files (x86)\Esterel Technologies\SCADE R16.2.1\SCADE Display\config\a661_description\SymbolCommands\SetColor.xml
I0007: Input file: C:\Program Files (x86)\Esterel Technologies\SCADE R16.2.1\SCADE Display\config\a661_description\SymbolCommands\SetLineStyle.xml
I0007: Input file: C:\Program Files (x86)\Esterel Technologies\SCADE R16.2.1\SCADE Display\config\a661_description\SymbolCommands\SetFont.xml
I0007: Input file: C:\Program Files (x86)\Esterel Technologies\SCADE R16.2.1\SCADE Display\config\a661_description\SymbolCommands\SetHalo.xml
I0007: Input file: C:\Program Files (x86)\Esterel Technologies\SCADE R16.2.1\SCADE Display\config\a661_description\SymbolCommands\SetRotation.xml
I0007: Input file: C:\Program Files (x86)\Esterel Technologies\SCADE R16.2.1\SCADE Display\config\a661_description\SymbolCommands\SetTranslation.xml
I0007: Input file: C:\Program Files (x86)\Esterel Technologies\SCADE R16.2.1\SCADE Display\config\a661_description\SymbolCommands\StartGroup.xml
I0007: Input file: C:\Program Files (x86)\Esterel Technologies\SCADE R16.2.1\SCADE Display\config\a661_description\SymbolCommands\EndGroup.xml
I0007: Input file: C:\Program Files (x86)\Esterel Technologies\SCADE R16.2.1\SCADE Display\config\a661_description\SymbolCommands\LegendAnchor.xml
I0007: Input file: C:\Program Files (x86)\Esterel Technologies\SCADE R16.2.1\SCADE Display\config\a661_description\SymbolCommands\ArcEllipse.xml
I0007: Input file: C:\Program Files (x86)\Esterel Technologies\SCADE R16.2.1\SCADE Display\config\a661_description\SymbolCommands\ArcCircle.xml
I0007: Input file: C:\Program Files (x86)\Esterel Technologies\SCADE R16.2.1\SCADE Display\config\a661_description\SymbolCommands\Crown.xml
I0007: Input file: C:\Program Files (x86)\Esterel Technologies\SCADE R16.2.1\SCADE Display\config\a661_description\SymbolCommands\Line.xml
I0007: Input file: C:\Program Files (x86)\Esterel Technologies\SCADE R16.2.1\SCADE Display\config\a661_description\SymbolCommands\LinePolar.xml
I0007: Input file: C:\Program Files (x86)\Esterel Technologies\SCADE R16.2.1\SCADE Display\config\a661_description\SymbolCommands\Polyline.xml
I0007: Input file: C:\Program Files (x86)\Esterel Technologies\SCADE R16.2.1\SCADE Display\config\a661_description\SymbolCommands\Rectangle.xml
I0007: Input file: C:\Program Files (x86)\Esterel Technologies\SCADE R16.2.1\SCADE Display\config\a661_description\SymbolCommands\Triangle.xml
I0007: Input file: C:\Program Files (x86)\Esterel Technologies\SCADE R16.2.1\SCADE Display\config\a661_description\SymbolCommands\TriangleFan.xml
I0007: Input file: C:\Program Files (x86)\Esterel Technologies\SCADE R16.2.1\SCADE Display\config\a661_description\SymbolCommands\TriangleStrip.xml
I0007: Input file: C:\Program Files (x86)\Esterel Technologies\SCADE R16.2.1\SCADE Display\config\a661_description\SymbolCommands\Text.xml
I0007: Input file: C:\Program Files (x86)\Esterel Technologies\SCADE R16.2.1\SCADE Display\config\a661_description\SymbolCommands\BoundingRectangle.xml
I0007: Input file: C:\Program Files (x86)\Esterel Technologies\SCADE R16.2.1\SCADE Display\config\a661_description\SymbolCommands\BoundingCircle.xml
I0007: Input file: C:\Program Files (x86)\Esterel Technologies\SCADE R16.2.1\SCADE Display\config\a661_description\WidgetExtensions\DirectionalTabbingExtension.xml
I0007: Input file: C:\Program Files (x86)\Esterel Technologies\SCADE R16.2.1\SCADE Display\config\a661_description\WidgetExtensions\CursorEventsExtension.xml
I0007: Input file: C:\Program Files (x86)\Esterel Technologies\SCADE R16.2.1\SCADE Display\config\a661_description\WidgetExtensions\LegendStringAlignmentExtension.xml
I0007: Input file: C:\Program Files (x86)\Esterel Technologies\SCADE R16.2.1\SCADE Display\config\a661_description\WidgetExtensions\VisibleChildIndexExtension.xml
I0007: Input file: C:\Program Files (x86)\Esterel Technologies\SCADE R16.2.1\SCADE Display\config\a661_description\WidgetExtensions\InitialFocusExtension.xml
I0007: Input file: C:\Program Files (x86)\Esterel Technologies\SCADE R16.2.1\SCADE Display\config\a661_description\WidgetExtensions\FocusStopExtension.xml
I0007: Input file: C:\Program Files (x86)\Esterel Technologies\SCADE R16.2.1\SCADE Display\config\a661_description\WidgetExtensions\CursorShapeExtension.xml
I0007: Input file: E:\My Documents\ITA\CE-235-sistemas-embarcados\SIGAC\TS02\DF\painelAmbulancia\picture_table.pdt
I0007: Input file: E:\My Documents\ITA\CE-235-sistemas-embarcados\SIGAC\TS02\DF\painelAmbulancia\alertaOcorrencia.sgfx
I0006: Generated file: E:\My Documents\ITA\CE-235-sistemas-embarcados\SIGAC\TS02\DF\painelAmbulancia\alertaOcorrencia_DF\alertaOcorrencia.hexa
I0006: Generated file: E:\My Documents\ITA\CE-235-sistemas-embarcados\SIGAC\TS02\DF\painelAmbulancia\alertaOcorrencia_DF\alertaOcorrencia.bin
I0006: Generated file: E:\My Documents\ITA\CE-235-sistemas-embarcados\SIGAC\TS02\DF\painelAmbulancia\alertaOcorrencia_DF\alertaOcorrencia.df.xml
I0006: Generated file: E:\My Documents\ITA\CE-235-sistemas-embarcados\SIGAC\TS02\DF\painelAmbulancia\alertaOcorrencia_DF\alertaOcorrencia.log
I0002: SCADE UA DF Generator finished with 0 error(s) at 2015-11-25T09:09:02.
