gcc -I"." -I"C:\Program Files (x86)\Esterel Technologies\Esterel SCADE 6.4.2\SCADE\." -I"..\..\..\..\..\..\Program Files (x86)\Esterel Technologies\Esterel SCADE 6.4.2\SCADE\include" -I"..\..\..\..\..\..\Program Files (x86)\Esterel Technologies\Esterel SCADE 6.4.2\SCADE\libraries\libmathext" -O2 -pedantic -DBUILD_DLL -DEXTENDED_SIM -DSIM -DWIN32 -D_CONSOLE -D_MBCS -c "UTICounts_dll.c" -o "win32\UTICounts_dll.o"
gcc -I"." -I"C:\Program Files (x86)\Esterel Technologies\Esterel SCADE 6.4.2\SCADE\." -I"..\..\..\..\..\..\Program Files (x86)\Esterel Technologies\Esterel SCADE 6.4.2\SCADE\include" -I"..\..\..\..\..\..\Program Files (x86)\Esterel Technologies\Esterel SCADE 6.4.2\SCADE\libraries\libmathext" -O2 -pedantic -DBUILD_DLL -DEXTENDED_SIM -DSIM -DWIN32 -D_CONSOLE -D_MBCS -c "C:\Program Files (x86)\Esterel Technologies\Esterel SCADE 6.4.2\SCADE\lib\SmuMainWindows.c" -o "win32\SmuMainWindows.o"
gcc "win32\UTICounts_dll.o" "win32\SmuMainWindows.o" -lm -lwsock32 -o "UTICounts.exe" 
gcc -I"." -I"C:\Program Files (x86)\Esterel Technologies\Esterel SCADE 6.4.2\SCADE\." -I"..\..\..\..\..\..\Program Files (x86)\Esterel Technologies\Esterel SCADE 6.4.2\SCADE\include" -I"..\..\..\..\..\..\Program Files (x86)\Esterel Technologies\Esterel SCADE 6.4.2\SCADE\libraries\libmathext" -O2 -pedantic -DBUILD_DLL -DEXTENDED_SIM -DSIM -DWIN32 -D_CONSOLE -D_MBCS -c "UTICounts.c" -o "win32\UTICounts.o"	
ar -r UTICounts.a "win32\UTICounts.o"
ar: creating UTICounts.a
gcc -I"." -I"C:\Program Files (x86)\Esterel Technologies\Esterel SCADE 6.4.2\SCADE\." -I"..\..\..\..\..\..\Program Files (x86)\Esterel Technologies\Esterel SCADE 6.4.2\SCADE\include" -I"..\..\..\..\..\..\Program Files (x86)\Esterel Technologies\Esterel SCADE 6.4.2\SCADE\libraries\libmathext" -O2 -pedantic -DBUILD_DLL -DEXTENDED_SIM -DSIM -DWIN32 -D_CONSOLE -D_MBCS -c "kcg_types.c" -o "win32\kcg_types.o"	
ar -r UTICounts.a "win32\kcg_types.o"
gcc -I"." -I"C:\Program Files (x86)\Esterel Technologies\Esterel SCADE 6.4.2\SCADE\." -I"..\..\..\..\..\..\Program Files (x86)\Esterel Technologies\Esterel SCADE 6.4.2\SCADE\include" -I"..\..\..\..\..\..\Program Files (x86)\Esterel Technologies\Esterel SCADE 6.4.2\SCADE\libraries\libmathext" -O2 -pedantic -DBUILD_DLL -DEXTENDED_SIM -DSIM -DWIN32 -D_CONSOLE -D_MBCS -c "kcg_consts.c" -o "win32\kcg_consts.o"	
ar -r UTICounts.a "win32\kcg_consts.o"
gcc -I"." -I"C:\Program Files (x86)\Esterel Technologies\Esterel SCADE 6.4.2\SCADE\." -I"..\..\..\..\..\..\Program Files (x86)\Esterel Technologies\Esterel SCADE 6.4.2\SCADE\include" -I"..\..\..\..\..\..\Program Files (x86)\Esterel Technologies\Esterel SCADE 6.4.2\SCADE\libraries\libmathext" -O2 -pedantic -DBUILD_DLL -DEXTENDED_SIM -DSIM -DWIN32 -D_CONSOLE -D_MBCS -c "UTICounts_UA_1.c" -o "win32\UTICounts_UA_1.o"
gcc -I"." -I"C:\Program Files (x86)\Esterel Technologies\Esterel SCADE 6.4.2\SCADE\." -I"..\..\..\..\..\..\Program Files (x86)\Esterel Technologies\Esterel SCADE 6.4.2\SCADE\include" -I"..\..\..\..\..\..\Program Files (x86)\Esterel Technologies\Esterel SCADE 6.4.2\SCADE\libraries\libmathext" -O2 -pedantic -DBUILD_DLL -DEXTENDED_SIM -DSIM -DWIN32 -D_CONSOLE -D_MBCS -c "..\..\..\..\..\..\Program Files (x86)\Esterel Technologies\Esterel SCADE 6.4.2\SCADE\lib\A661Cosim.c" -o "win32\A661Cosim.o"
gcc -I"." -I"C:\Program Files (x86)\Esterel Technologies\Esterel SCADE 6.4.2\SCADE\." -I"..\..\..\..\..\..\Program Files (x86)\Esterel Technologies\Esterel SCADE 6.4.2\SCADE\include" -I"..\..\..\..\..\..\Program Files (x86)\Esterel Technologies\Esterel SCADE 6.4.2\SCADE\libraries\libmathext" -O2 -pedantic -DBUILD_DLL -DEXTENDED_SIM -DSIM -DWIN32 -D_CONSOLE -D_MBCS -c "UTICounts_cosim.c" -o "win32\UTICounts_cosim.o"
gcc -I"." -I"C:\Program Files (x86)\Esterel Technologies\Esterel SCADE 6.4.2\SCADE\." -I"..\..\..\..\..\..\Program Files (x86)\Esterel Technologies\Esterel SCADE 6.4.2\SCADE\include" -I"..\..\..\..\..\..\Program Files (x86)\Esterel Technologies\Esterel SCADE 6.4.2\SCADE\libraries\libmathext" -O2 -pedantic -DBUILD_DLL -DEXTENDED_SIM -DSIM -DWIN32 -D_CONSOLE -D_MBCS -c "UTICounts_type.c" -o "win32\UTICounts_type.o"
gcc -I"." -I"C:\Program Files (x86)\Esterel Technologies\Esterel SCADE 6.4.2\SCADE\." -I"..\..\..\..\..\..\Program Files (x86)\Esterel Technologies\Esterel SCADE 6.4.2\SCADE\include" -I"..\..\..\..\..\..\Program Files (x86)\Esterel Technologies\Esterel SCADE 6.4.2\SCADE\libraries\libmathext" -O2 -pedantic -DBUILD_DLL -DEXTENDED_SIM -DSIM -DWIN32 -D_CONSOLE -D_MBCS -c "UTICounts_mapping.c" -o "win32\UTICounts_mapping.o"
gcc -I"." -I"C:\Program Files (x86)\Esterel Technologies\Esterel SCADE 6.4.2\SCADE\." -I"..\..\..\..\..\..\Program Files (x86)\Esterel Technologies\Esterel SCADE 6.4.2\SCADE\include" -I"..\..\..\..\..\..\Program Files (x86)\Esterel Technologies\Esterel SCADE 6.4.2\SCADE\libraries\libmathext" -O2 -pedantic -DBUILD_DLL -DEXTENDED_SIM -DSIM -DWIN32 -D_CONSOLE -D_MBCS -c "UTICounts_interface.c" -o "win32\UTICounts_interface.o"
gcc -I"." -I"C:\Program Files (x86)\Esterel Technologies\Esterel SCADE 6.4.2\SCADE\." -I"..\..\..\..\..\..\Program Files (x86)\Esterel Technologies\Esterel SCADE 6.4.2\SCADE\include" -I"..\..\..\..\..\..\Program Files (x86)\Esterel Technologies\Esterel SCADE 6.4.2\SCADE\libraries\libmathext" -O2 -pedantic -DBUILD_DLL -DEXTENDED_SIM -DSIM -DWIN32 -D_CONSOLE -D_MBCS -c "C:\Program Files (x86)\Esterel Technologies\Esterel SCADE 6.4.2\SCADE\lib\SmuProxy.c" -o "win32\SmuProxy.o"
copy "C:\Program Files (x86)\Esterel Technologies\Esterel SCADE 6.4.2\SCADE\lib\SmuExport.def" "SmuExport.def"
        1 file(s) copied.
dllwrap --driver-name=gcc  "win32\UTICounts_UA_1.o" "win32\A661Cosim.o" "win32\UTICounts_cosim.o" "win32\UTICounts_type.o" "win32\UTICounts_mapping.o" "win32\UTICounts_interface.o" "win32\SmuProxy.o" "UTICounts.a" --def "SmuExport.def" -lm -lwsock32 --dllname "UTICounts.dll" 
