
C:\Users\thais\projetosigac\UA\UTICounts\Simulation>"C:/Program Files (x86)/Esterel Technologies/Esterel SCADE 6.4.2/SCADE/bin/uaadaptor.exe"  -d "C:\Users\thais\projetosigac\DF\UTILeitos.sgfx" -n "C:/Program Files (x86)/Esterel Technologies/Esterel SCADE 6.4.2/SCADE/bin/../../SCADE Display/config/Workspace/environments/UAPageCreator/A661Norm/a661.xml" -outdir "C:/Users/thais/projetosigac/UA/UTICounts/Simulation" -k "C:/Users/thais/projetosigac/UA/UTICounts/Simulation/kcg_trace.xml" -o "UTICounts_UA_1" -node UTICounts  "C:\Users\thais\projetosigac\UA\UTICounts\UTICounts.sdy" 
I0001: SCADE Suite UA Adaptor Version 6.4.2 (build i25) (c) Esterel Technologies SA 2012-2013 started at 2015-09-18T21:55:11.
I0005: Command line: "C:/Program Files (x86)/Esterel Technologies/Esterel SCADE 6.4.2/SCADE/bin/uaadaptor.exe" -d C:\Users\thais\projetosigac\DF\UTILeitos.sgfx -n "C:/Program Files (x86)/Esterel Technologies/Esterel SCADE 6.4.2/SCADE/bin/../../SCADE Display/config/Workspace/environments/UAPageCreator/A661Norm/a661.xml" -outdir C:/Users/thais/projetosigac/UA/UTICounts/Simulation -k C:/Users/thais/projetosigac/UA/UTICounts/Simulation/kcg_trace.xml -o UTICounts_UA_1 -node UTICounts C:\Users\thais\projetosigac\UA\UTICounts\UTICounts.sdy
I0006: Generated file: <log> : C:/Users/thais/projetosigac/UA/UTICounts/Simulation\UTICounts_UA_1.log
I0007: Input file: C:/Program Files (x86)/Esterel Technologies/Esterel SCADE 6.4.2/SCADE/bin/../../SCADE Display/config/Workspace/environments/UAPageCreator/A661Norm/a661.xml
I0007: Input file: C:/Program Files (x86)/Esterel Technologies/Esterel SCADE 6.4.2/SCADE/bin/../../SCADE Display/config/Workspace/environments/UAPageCreator/A661Norm\const.xml
I0007: Input file: C:/Program Files (x86)/Esterel Technologies/Esterel SCADE 6.4.2/SCADE/bin/../../SCADE Display/config/Workspace/environments/UAPageCreator/A661Norm\type.xml
I0007: Input file: C:/Program Files (x86)/Esterel Technologies/Esterel SCADE 6.4.2/SCADE/bin/../../SCADE Display/config/Workspace/environments/UAPageCreator/A661Norm\a661hierarchy.xml
I0007: Input file: C:/Program Files (x86)/Esterel Technologies/Esterel SCADE 6.4.2/SCADE/bin/../../SCADE Display/config/Workspace/environments/UAPageCreator/A661Norm\a661layer.xml
I0007: Input file: C:/Program Files (x86)/Esterel Technologies/Esterel SCADE 6.4.2/SCADE/bin/../../SCADE Display/config/Workspace/environments/UAPageCreator/A661Norm\BasicContainer.xml
I0007: Input file: C:/Program Files (x86)/Esterel Technologies/Esterel SCADE 6.4.2/SCADE/bin/../../SCADE Display/config/Workspace/environments/UAPageCreator/A661Norm\BlinkingContainer.xml
I0007: Input file: C:/Program Files (x86)/Esterel Technologies/Esterel SCADE 6.4.2/SCADE/bin/../../SCADE Display/config/Workspace/environments/UAPageCreator/A661Norm\RotationContainer.xml
I0007: Input file: C:/Program Files (x86)/Esterel Technologies/Esterel SCADE 6.4.2/SCADE/bin/../../SCADE Display/config/Workspace/environments/UAPageCreator/A661Norm\TranslationContainer.xml
I0007: Input file: C:/Program Files (x86)/Esterel Technologies/Esterel SCADE 6.4.2/SCADE/bin/../../SCADE Display/config/Workspace/environments/UAPageCreator/A661Norm\MaskContainer.xml
I0007: Input file: C:/Program Files (x86)/Esterel Technologies/Esterel SCADE 6.4.2/SCADE/bin/../../SCADE Display/config/Workspace/environments/UAPageCreator/A661Norm\MutuallyExclusiveContainer.xml
I0007: Input file: C:/Program Files (x86)/Esterel Technologies/Esterel SCADE 6.4.2/SCADE/bin/../../SCADE Display/config/Workspace/environments/UAPageCreator/A661Norm\Panel.xml
I0007: Input file: C:/Program Files (x86)/Esterel Technologies/Esterel SCADE 6.4.2/SCADE/bin/../../SCADE Display/config/Workspace/environments/UAPageCreator/A661Norm\PopUpPanel.xml
I0007: Input file: C:/Program Files (x86)/Esterel Technologies/Esterel SCADE 6.4.2/SCADE/bin/../../SCADE Display/config/Workspace/environments/UAPageCreator/A661Norm\PopUpPanelButton.xml
I0007: Input file: C:/Program Files (x86)/Esterel Technologies/Esterel SCADE 6.4.2/SCADE/bin/../../SCADE Display/config/Workspace/environments/UAPageCreator/A661Norm\ScrollPanel.xml
I0007: Input file: C:/Program Files (x86)/Esterel Technologies/Esterel SCADE 6.4.2/SCADE/bin/../../SCADE Display/config/Workspace/environments/UAPageCreator/A661Norm\RadioBox.xml
I0007: Input file: C:/Program Files (x86)/Esterel Technologies/Esterel SCADE 6.4.2/SCADE/bin/../../SCADE Display/config/Workspace/environments/UAPageCreator/A661Norm\TabbedPanelGroup.xml
I0007: Input file: C:/Program Files (x86)/Esterel Technologies/Esterel SCADE 6.4.2/SCADE/bin/../../SCADE Display/config/Workspace/environments/UAPageCreator/A661Norm\TabbedPanel.xml
I0007: Input file: C:/Program Files (x86)/Esterel Technologies/Esterel SCADE 6.4.2/SCADE/bin/../../SCADE Display/config/Workspace/environments/UAPageCreator/A661Norm\MenuBar.xml
I0007: Input file: C:/Program Files (x86)/Esterel Technologies/Esterel SCADE 6.4.2/SCADE/bin/../../SCADE Display/config/Workspace/environments/UAPageCreator/A661Norm\SizeToFitContainer.xml
I0007: Input file: C:/Program Files (x86)/Esterel Technologies/Esterel SCADE 6.4.2/SCADE/bin/../../SCADE Display/config/Workspace/environments/UAPageCreator/A661Norm\ShuffleToFitContainer.xml
I0007: Input file: C:/Program Files (x86)/Esterel Technologies/Esterel SCADE 6.4.2/SCADE/bin/../../SCADE Display/config/Workspace/environments/UAPageCreator/A661Norm\WatchdogContainer.xml
I0007: Input file: C:/Program Files (x86)/Esterel Technologies/Esterel SCADE 6.4.2/SCADE/bin/../../SCADE Display/config/Workspace/environments/UAPageCreator/A661Norm\ActiveArea.xml
I0007: Input file: C:/Program Files (x86)/Esterel Technologies/Esterel SCADE 6.4.2/SCADE/bin/../../SCADE Display/config/Workspace/environments/UAPageCreator/A661Norm\CursorOver.xml
I0007: Input file: C:/Program Files (x86)/Esterel Technologies/Esterel SCADE 6.4.2/SCADE/bin/../../SCADE Display/config/Workspace/environments/UAPageCreator/A661Norm\CursorPosOverlay.xml
I0007: Input file: C:/Program Files (x86)/Esterel Technologies/Esterel SCADE 6.4.2/SCADE/bin/../../SCADE Display/config/Workspace/environments/UAPageCreator/A661Norm\CheckButton.xml
I0007: Input file: C:/Program Files (x86)/Esterel Technologies/Esterel SCADE 6.4.2/SCADE/bin/../../SCADE Display/config/Workspace/environments/UAPageCreator/A661Norm\EditBoxText.xml
I0007: Input file: C:/Program Files (x86)/Esterel Technologies/Esterel SCADE 6.4.2/SCADE/bin/../../SCADE Display/config/Workspace/environments/UAPageCreator/A661Norm\EditBoxNumeric.xml
I0007: Input file: C:/Program Files (x86)/Esterel Technologies/Esterel SCADE 6.4.2/SCADE/bin/../../SCADE Display/config/Workspace/environments/UAPageCreator/A661Norm\EditBoxNumericBCD.xml
I0007: Input file: C:/Program Files (x86)/Esterel Technologies/Esterel SCADE 6.4.2/SCADE/bin/../../SCADE Display/config/Workspace/environments/UAPageCreator/A661Norm\EditBoxMasked.xml
I0007: Input file: C:/Program Files (x86)/Esterel Technologies/Esterel SCADE 6.4.2/SCADE/bin/../../SCADE Display/config/Workspace/environments/UAPageCreator/A661Norm\EditBoxMultiLine.xml
I0007: Input file: C:/Program Files (x86)/Esterel Technologies/Esterel SCADE 6.4.2/SCADE/bin/../../SCADE Display/config/Workspace/environments/UAPageCreator/A661Norm\PushButton.xml
I0007: Input file: C:/Program Files (x86)/Esterel Technologies/Esterel SCADE 6.4.2/SCADE/bin/../../SCADE Display/config/Workspace/environments/UAPageCreator/A661Norm\PicturePushButton.xml
I0007: Input file: C:/Program Files (x86)/Esterel Technologies/Esterel SCADE 6.4.2/SCADE/bin/../../SCADE Display/config/Workspace/environments/UAPageCreator/A661Norm\SymbolPushButton.xml
I0007: Input file: C:/Program Files (x86)/Esterel Technologies/Esterel SCADE 6.4.2/SCADE/bin/../../SCADE Display/config/Workspace/environments/UAPageCreator/A661Norm\ToggleButton.xml
I0007: Input file: C:/Program Files (x86)/Esterel Technologies/Esterel SCADE 6.4.2/SCADE/bin/../../SCADE Display/config/Workspace/environments/UAPageCreator/A661Norm\PictureToggleButton.xml
I0007: Input file: C:/Program Files (x86)/Esterel Technologies/Esterel SCADE 6.4.2/SCADE/bin/../../SCADE Display/config/Workspace/environments/UAPageCreator/A661Norm\SymbolToggleButton.xml
I0007: Input file: C:/Program Files (x86)/Esterel Technologies/Esterel SCADE 6.4.2/SCADE/bin/../../SCADE Display/config/Workspace/environments/UAPageCreator/A661Norm\ComboBox.xml
I0007: Input file: C:/Program Files (x86)/Esterel Technologies/Esterel SCADE 6.4.2/SCADE/bin/../../SCADE Display/config/Workspace/environments/UAPageCreator/A661Norm\ComboBoxEdit.xml
I0007: Input file: C:/Program Files (x86)/Esterel Technologies/Esterel SCADE 6.4.2/SCADE/bin/../../SCADE Display/config/Workspace/environments/UAPageCreator/A661Norm\SelectionListButton.xml
I0007: Input file: C:/Program Files (x86)/Esterel Technologies/Esterel SCADE 6.4.2/SCADE/bin/../../SCADE Display/config/Workspace/environments/UAPageCreator/A661Norm\PopUpMenu.xml
I0007: Input file: C:/Program Files (x86)/Esterel Technologies/Esterel SCADE 6.4.2/SCADE/bin/../../SCADE Display/config/Workspace/environments/UAPageCreator/A661Norm\PopUpMenuButton.xml
I0007: Input file: C:/Program Files (x86)/Esterel Technologies/Esterel SCADE 6.4.2/SCADE/bin/../../SCADE Display/config/Workspace/environments/UAPageCreator/A661Norm\ScrollList.xml
I0007: Input file: C:/Program Files (x86)/Esterel Technologies/Esterel SCADE 6.4.2/SCADE/bin/../../SCADE Display/config/Workspace/environments/UAPageCreator/A661Norm\Slider.xml
I0007: Input file: C:/Program Files (x86)/Esterel Technologies/Esterel SCADE 6.4.2/SCADE/bin/../../SCADE Display/config/Workspace/environments/UAPageCreator/A661Norm\GpArcCircle.xml
I0007: Input file: C:/Program Files (x86)/Esterel Technologies/Esterel SCADE 6.4.2/SCADE/bin/../../SCADE Display/config/Workspace/environments/UAPageCreator/A661Norm\GpArcEllipse.xml
I0007: Input file: C:/Program Files (x86)/Esterel Technologies/Esterel SCADE 6.4.2/SCADE/bin/../../SCADE Display/config/Workspace/environments/UAPageCreator/A661Norm\GpCrown.xml
I0007: Input file: C:/Program Files (x86)/Esterel Technologies/Esterel SCADE 6.4.2/SCADE/bin/../../SCADE Display/config/Workspace/environments/UAPageCreator/A661Norm\GpLine.xml
I0007: Input file: C:/Program Files (x86)/Esterel Technologies/Esterel SCADE 6.4.2/SCADE/bin/../../SCADE Display/config/Workspace/environments/UAPageCreator/A661Norm\GpLinePolar.xml
I0007: Input file: C:/Program Files (x86)/Esterel Technologies/Esterel SCADE 6.4.2/SCADE/bin/../../SCADE Display/config/Workspace/environments/UAPageCreator/A661Norm\GpRectangle.xml
I0007: Input file: C:/Program Files (x86)/Esterel Technologies/Esterel SCADE 6.4.2/SCADE/bin/../../SCADE Display/config/Workspace/environments/UAPageCreator/A661Norm\GpTriangle.xml
I0007: Input file: C:/Program Files (x86)/Esterel Technologies/Esterel SCADE 6.4.2/SCADE/bin/../../SCADE Display/config/Workspace/environments/UAPageCreator/A661Norm\Label.xml
I0007: Input file: C:/Program Files (x86)/Esterel Technologies/Esterel SCADE 6.4.2/SCADE/bin/../../SCADE Display/config/Workspace/environments/UAPageCreator/A661Norm\LabelComplex.xml
I0007: Input file: C:/Program Files (x86)/Esterel Technologies/Esterel SCADE 6.4.2/SCADE/bin/../../SCADE Display/config/Workspace/environments/UAPageCreator/A661Norm\Picture.xml
I0007: Input file: C:/Program Files (x86)/Esterel Technologies/Esterel SCADE 6.4.2/SCADE/bin/../../SCADE Display/config/Workspace/environments/UAPageCreator/A661Norm\PictureAnimated.xml
I0007: Input file: C:/Program Files (x86)/Esterel Technologies/Esterel SCADE 6.4.2/SCADE/bin/../../SCADE Display/config/Workspace/environments/UAPageCreator/A661Norm\Symbol.xml
I0007: Input file: C:/Program Files (x86)/Esterel Technologies/Esterel SCADE 6.4.2/SCADE/bin/../../SCADE Display/config/Workspace/environments/UAPageCreator/A661Norm\SymbolAnimated.xml
I0007: Input file: C:/Program Files (x86)/Esterel Technologies/Esterel SCADE 6.4.2/SCADE/bin/../../SCADE Display/config/Workspace/environments/UAPageCreator/A661Norm\MapHorz.xml
I0007: Input file: C:/Program Files (x86)/Esterel Technologies/Esterel SCADE 6.4.2/SCADE/bin/../../SCADE Display/config/Workspace/environments/UAPageCreator/A661Norm\MapHorz_Source.xml
I0007: Input file: C:/Program Files (x86)/Esterel Technologies/Esterel SCADE 6.4.2/SCADE/bin/../../SCADE Display/config/Workspace/environments/UAPageCreator/A661Norm\MapHorz_ItemList.xml
I0007: Input file: <UAADAPTOR msg> : C:/Program Files (x86)/Esterel Technologies/Esterel SCADE 6.4.2/SCADE/bin/../../SCADE Display/config/Workspace/environments/UAPageCreator/A661Norm\uaadaptor/MapHorz_ItemList_BufferOfMapItems.xml
I0007: Input file: C:/Program Files (x86)/Esterel Technologies/Esterel SCADE 6.4.2/SCADE/bin/../../SCADE Display/config/Workspace/environments/UAPageCreator/A661Norm\MapVert.xml
I0007: Input file: C:/Program Files (x86)/Esterel Technologies/Esterel SCADE 6.4.2/SCADE/bin/../../SCADE Display/config/Workspace/environments/UAPageCreator/A661Norm\MapVert_ItemList.xml
I0007: Input file: <UAADAPTOR msg> : C:/Program Files (x86)/Esterel Technologies/Esterel SCADE 6.4.2/SCADE/bin/../../SCADE Display/config/Workspace/environments/UAPageCreator/A661Norm\uaadaptor/MapVert_ItemList_BufferOfItems.xml
I0007: Input file: C:/Program Files (x86)/Esterel Technologies/Esterel SCADE 6.4.2/SCADE/bin/../../SCADE Display/config/Workspace/environments/UAPageCreator/A661Norm\MapVert_Source.xml
I0007: Input file: C:/Program Files (x86)/Esterel Technologies/Esterel SCADE 6.4.2/SCADE/bin/../../SCADE Display/config/Workspace/environments/UAPageCreator/A661Norm\MapGrid.xml
I0007: Input file: <UAADAPTOR msg> : C:/Program Files (x86)/Esterel Technologies/Esterel SCADE 6.4.2/SCADE/bin/../../SCADE Display/config/Workspace/environments/UAPageCreator/A661Norm\uaadaptor/MapGrid_bufferOfFillStyles.xml
I0007: Input file: C:/Program Files (x86)/Esterel Technologies/Esterel SCADE 6.4.2/SCADE/bin/../../SCADE Display/config/Workspace/environments/UAPageCreator/A661Norm\BufferFormat.xml
I0007: Input file: C:/Program Files (x86)/Esterel Technologies/Esterel SCADE 6.4.2/SCADE/bin/../../SCADE Display/config/Workspace/environments/UAPageCreator/A661Norm\Connector.xml
I0007: Input file: C:/Program Files (x86)/Esterel Technologies/Esterel SCADE 6.4.2/SCADE/bin/../../SCADE Display/config/Workspace/environments/UAPageCreator/A661Norm\CursorRef.xml
I0007: Input file: C:/Program Files (x86)/Esterel Technologies/Esterel SCADE 6.4.2/SCADE/bin/../../SCADE Display/config/Workspace/environments/UAPageCreator/A661Norm\ExternalSource.xml
I0007: Input file: C:/Program Files (x86)/Esterel Technologies/Esterel SCADE 6.4.2/SCADE/bin/../../SCADE Display/config/Workspace/environments/UAPageCreator/A661Norm\FocusIn.xml
I0007: Input file: C:/Program Files (x86)/Esterel Technologies/Esterel SCADE 6.4.2/SCADE/bin/../../SCADE Display/config/Workspace/environments/UAPageCreator/A661Norm\FocusOut.xml
I0007: Input file: C:/Program Files (x86)/Esterel Technologies/Esterel SCADE 6.4.2/SCADE/bin/../../SCADE Display/config/Workspace/environments/UAPageCreator/A661Norm\FocusLink.xml
I0007: Input file: C:/Program Files (x86)/Esterel Technologies/Esterel SCADE 6.4.2/SCADE/bin/../../SCADE Display/config/Workspace/environments/UAPageCreator/A661Norm\ProxyButton.xml
I0007: Input file: <mapping> : C:\Users\thais\projetosigac\UA\UTICounts\UTICounts.sdy
I0007: Input file: C:\Users\thais\projetosigac\DF\UTILeitos.sgfx
I0007: Input file: <scade: kcg_trace.xml> : C:/Users/thais/projetosigac/UA/UTICounts/Simulation/kcg_trace.xml
I0006: Generated file: <.c> : C:/Users/thais/projetosigac/UA/UTICounts/Simulation\UTICounts_UA_1.c
I0006: Generated file: <.h> : C:/Users/thais/projetosigac/UA/UTICounts/Simulation\UTICounts_UA_1.h
I0808: [SUCCESSFUL]
I0006: Generated file: C:/Users/thais/projetosigac/UA/UTICounts/Simulation\UTICounts_UA_1.log
I0002: SCADE Suite UA Adaptor finished with 0 error(s) at 2015-09-18T21:55:12.
        1 file(s) moved.

C:\Users\thais\projetosigac\UA\UTICounts\Simulation>"C:/Program Files (x86)/Esterel Technologies/Esterel SCADE 6.4.2/SCADE Display/../SCADE A661/bin/dfgen.exe" -n "C:/Program Files (x86)/Esterel Technologies/Esterel SCADE 6.4.2/SCADE/bin/../../SCADE Display/config/Workspace/environments/UAPageCreator/A661Norm/a661.xml" -outdir "C:/Users/thais/projetosigac/UA/UTICounts/Simulation" -o "UTICounts_UA_1"  "C:\Users\thais\projetosigac\DF\UTILeitos.sgfx" 
I0001: SCADE UA DF Generator Version 6.4.2 (build i27) (c) Esterel Technologies SA 2011-2013 started at 2015-09-18T21:55:12.
I0005: Command line: "C:/Program Files (x86)/Esterel Technologies/Esterel SCADE 6.4.2/SCADE Display/../SCADE A661/bin/dfgen.exe" -n "C:/Program Files (x86)/Esterel Technologies/Esterel SCADE 6.4.2/SCADE/bin/../../SCADE Display/config/Workspace/environments/UAPageCreator/A661Norm/a661.xml" -outdir C:/Users/thais/projetosigac/UA/UTICounts/Simulation -o UTICounts_UA_1 C:\Users\thais\projetosigac\DF\UTILeitos.sgfx
I0007: Input file: C:\Program Files (x86)\Esterel Technologies\Esterel SCADE 6.4.2\SCADE Display\config\Workspace\environments\UAPageCreator\A661Norm\a661.xml
I0007: Input file: C:\Program Files (x86)\Esterel Technologies\Esterel SCADE 6.4.2\SCADE Display\config\Workspace\environments\UAPageCreator\A661Norm\const.xml
I0007: Input file: C:\Program Files (x86)\Esterel Technologies\Esterel SCADE 6.4.2\SCADE Display\config\Workspace\environments\UAPageCreator\A661Norm\type.xml
I0007: Input file: C:\Program Files (x86)\Esterel Technologies\Esterel SCADE 6.4.2\SCADE Display\config\Workspace\environments\UAPageCreator\A661Norm\a661hierarchy.xml
I0007: Input file: C:\Program Files (x86)\Esterel Technologies\Esterel SCADE 6.4.2\SCADE Display\config\Workspace\environments\UAPageCreator\A661Norm\a661layer.xml
I0007: Input file: C:\Program Files (x86)\Esterel Technologies\Esterel SCADE 6.4.2\SCADE Display\config\Workspace\environments\UAPageCreator\A661Norm\BasicContainer.xml
I0007: Input file: C:\Program Files (x86)\Esterel Technologies\Esterel SCADE 6.4.2\SCADE Display\config\Workspace\environments\UAPageCreator\A661Norm\BlinkingContainer.xml
I0007: Input file: C:\Program Files (x86)\Esterel Technologies\Esterel SCADE 6.4.2\SCADE Display\config\Workspace\environments\UAPageCreator\A661Norm\RotationContainer.xml
I0007: Input file: C:\Program Files (x86)\Esterel Technologies\Esterel SCADE 6.4.2\SCADE Display\config\Workspace\environments\UAPageCreator\A661Norm\TranslationContainer.xml
I0007: Input file: C:\Program Files (x86)\Esterel Technologies\Esterel SCADE 6.4.2\SCADE Display\config\Workspace\environments\UAPageCreator\A661Norm\MaskContainer.xml
I0007: Input file: C:\Program Files (x86)\Esterel Technologies\Esterel SCADE 6.4.2\SCADE Display\config\Workspace\environments\UAPageCreator\A661Norm\MutuallyExclusiveContainer.xml
I0007: Input file: C:\Program Files (x86)\Esterel Technologies\Esterel SCADE 6.4.2\SCADE Display\config\Workspace\environments\UAPageCreator\A661Norm\Panel.xml
I0007: Input file: C:\Program Files (x86)\Esterel Technologies\Esterel SCADE 6.4.2\SCADE Display\config\Workspace\environments\UAPageCreator\A661Norm\PopUpPanel.xml
I0007: Input file: C:\Program Files (x86)\Esterel Technologies\Esterel SCADE 6.4.2\SCADE Display\config\Workspace\environments\UAPageCreator\A661Norm\PopUpPanelButton.xml
I0007: Input file: C:\Program Files (x86)\Esterel Technologies\Esterel SCADE 6.4.2\SCADE Display\config\Workspace\environments\UAPageCreator\A661Norm\ScrollPanel.xml
I0007: Input file: C:\Program Files (x86)\Esterel Technologies\Esterel SCADE 6.4.2\SCADE Display\config\Workspace\environments\UAPageCreator\A661Norm\RadioBox.xml
I0007: Input file: C:\Program Files (x86)\Esterel Technologies\Esterel SCADE 6.4.2\SCADE Display\config\Workspace\environments\UAPageCreator\A661Norm\TabbedPanelGroup.xml
I0007: Input file: C:\Program Files (x86)\Esterel Technologies\Esterel SCADE 6.4.2\SCADE Display\config\Workspace\environments\UAPageCreator\A661Norm\TabbedPanel.xml
I0007: Input file: C:\Program Files (x86)\Esterel Technologies\Esterel SCADE 6.4.2\SCADE Display\config\Workspace\environments\UAPageCreator\A661Norm\MenuBar.xml
I0007: Input file: C:\Program Files (x86)\Esterel Technologies\Esterel SCADE 6.4.2\SCADE Display\config\Workspace\environments\UAPageCreator\A661Norm\SizeToFitContainer.xml
I0007: Input file: C:\Program Files (x86)\Esterel Technologies\Esterel SCADE 6.4.2\SCADE Display\config\Workspace\environments\UAPageCreator\A661Norm\ShuffleToFitContainer.xml
I0007: Input file: C:\Program Files (x86)\Esterel Technologies\Esterel SCADE 6.4.2\SCADE Display\config\Workspace\environments\UAPageCreator\A661Norm\WatchdogContainer.xml
I0007: Input file: C:\Program Files (x86)\Esterel Technologies\Esterel SCADE 6.4.2\SCADE Display\config\Workspace\environments\UAPageCreator\A661Norm\ActiveArea.xml
I0007: Input file: C:\Program Files (x86)\Esterel Technologies\Esterel SCADE 6.4.2\SCADE Display\config\Workspace\environments\UAPageCreator\A661Norm\CursorOver.xml
I0007: Input file: C:\Program Files (x86)\Esterel Technologies\Esterel SCADE 6.4.2\SCADE Display\config\Workspace\environments\UAPageCreator\A661Norm\CursorPosOverlay.xml
I0007: Input file: C:\Program Files (x86)\Esterel Technologies\Esterel SCADE 6.4.2\SCADE Display\config\Workspace\environments\UAPageCreator\A661Norm\CheckButton.xml
I0007: Input file: C:\Program Files (x86)\Esterel Technologies\Esterel SCADE 6.4.2\SCADE Display\config\Workspace\environments\UAPageCreator\A661Norm\EditBoxText.xml
I0007: Input file: C:\Program Files (x86)\Esterel Technologies\Esterel SCADE 6.4.2\SCADE Display\config\Workspace\environments\UAPageCreator\A661Norm\EditBoxNumeric.xml
I0007: Input file: C:\Program Files (x86)\Esterel Technologies\Esterel SCADE 6.4.2\SCADE Display\config\Workspace\environments\UAPageCreator\A661Norm\EditBoxNumericBCD.xml
I0007: Input file: C:\Program Files (x86)\Esterel Technologies\Esterel SCADE 6.4.2\SCADE Display\config\Workspace\environments\UAPageCreator\A661Norm\EditBoxMasked.xml
I0007: Input file: C:\Program Files (x86)\Esterel Technologies\Esterel SCADE 6.4.2\SCADE Display\config\Workspace\environments\UAPageCreator\A661Norm\EditBoxMultiLine.xml
I0007: Input file: C:\Program Files (x86)\Esterel Technologies\Esterel SCADE 6.4.2\SCADE Display\config\Workspace\environments\UAPageCreator\A661Norm\PushButton.xml
I0007: Input file: C:\Program Files (x86)\Esterel Technologies\Esterel SCADE 6.4.2\SCADE Display\config\Workspace\environments\UAPageCreator\A661Norm\PicturePushButton.xml
I0007: Input file: C:\Program Files (x86)\Esterel Technologies\Esterel SCADE 6.4.2\SCADE Display\config\Workspace\environments\UAPageCreator\A661Norm\SymbolPushButton.xml
I0007: Input file: C:\Program Files (x86)\Esterel Technologies\Esterel SCADE 6.4.2\SCADE Display\config\Workspace\environments\UAPageCreator\A661Norm\ToggleButton.xml
I0007: Input file: C:\Program Files (x86)\Esterel Technologies\Esterel SCADE 6.4.2\SCADE Display\config\Workspace\environments\UAPageCreator\A661Norm\PictureToggleButton.xml
I0007: Input file: C:\Program Files (x86)\Esterel Technologies\Esterel SCADE 6.4.2\SCADE Display\config\Workspace\environments\UAPageCreator\A661Norm\SymbolToggleButton.xml
I0007: Input file: C:\Program Files (x86)\Esterel Technologies\Esterel SCADE 6.4.2\SCADE Display\config\Workspace\environments\UAPageCreator\A661Norm\ComboBox.xml
I0007: Input file: C:\Program Files (x86)\Esterel Technologies\Esterel SCADE 6.4.2\SCADE Display\config\Workspace\environments\UAPageCreator\A661Norm\ComboBoxEdit.xml
I0007: Input file: C:\Program Files (x86)\Esterel Technologies\Esterel SCADE 6.4.2\SCADE Display\config\Workspace\environments\UAPageCreator\A661Norm\SelectionListButton.xml
I0007: Input file: C:\Program Files (x86)\Esterel Technologies\Esterel SCADE 6.4.2\SCADE Display\config\Workspace\environments\UAPageCreator\A661Norm\PopUpMenu.xml
I0007: Input file: C:\Program Files (x86)\Esterel Technologies\Esterel SCADE 6.4.2\SCADE Display\config\Workspace\environments\UAPageCreator\A661Norm\PopUpMenuButton.xml
I0007: Input file: C:\Program Files (x86)\Esterel Technologies\Esterel SCADE 6.4.2\SCADE Display\config\Workspace\environments\UAPageCreator\A661Norm\ScrollList.xml
I0007: Input file: C:\Program Files (x86)\Esterel Technologies\Esterel SCADE 6.4.2\SCADE Display\config\Workspace\environments\UAPageCreator\A661Norm\Slider.xml
I0007: Input file: C:\Program Files (x86)\Esterel Technologies\Esterel SCADE 6.4.2\SCADE Display\config\Workspace\environments\UAPageCreator\A661Norm\GpArcCircle.xml
I0007: Input file: C:\Program Files (x86)\Esterel Technologies\Esterel SCADE 6.4.2\SCADE Display\config\Workspace\environments\UAPageCreator\A661Norm\GpArcEllipse.xml
I0007: Input file: C:\Program Files (x86)\Esterel Technologies\Esterel SCADE 6.4.2\SCADE Display\config\Workspace\environments\UAPageCreator\A661Norm\GpCrown.xml
I0007: Input file: C:\Program Files (x86)\Esterel Technologies\Esterel SCADE 6.4.2\SCADE Display\config\Workspace\environments\UAPageCreator\A661Norm\GpLine.xml
I0007: Input file: C:\Program Files (x86)\Esterel Technologies\Esterel SCADE 6.4.2\SCADE Display\config\Workspace\environments\UAPageCreator\A661Norm\GpLinePolar.xml
I0007: Input file: C:\Program Files (x86)\Esterel Technologies\Esterel SCADE 6.4.2\SCADE Display\config\Workspace\environments\UAPageCreator\A661Norm\GpRectangle.xml
I0007: Input file: C:\Program Files (x86)\Esterel Technologies\Esterel SCADE 6.4.2\SCADE Display\config\Workspace\environments\UAPageCreator\A661Norm\GpTriangle.xml
I0007: Input file: C:\Program Files (x86)\Esterel Technologies\Esterel SCADE 6.4.2\SCADE Display\config\Workspace\environments\UAPageCreator\A661Norm\Label.xml
I0007: Input file: C:\Program Files (x86)\Esterel Technologies\Esterel SCADE 6.4.2\SCADE Display\config\Workspace\environments\UAPageCreator\A661Norm\LabelComplex.xml
I0007: Input file: C:\Program Files (x86)\Esterel Technologies\Esterel SCADE 6.4.2\SCADE Display\config\Workspace\environments\UAPageCreator\A661Norm\Picture.xml
I0007: Input file: C:\Program Files (x86)\Esterel Technologies\Esterel SCADE 6.4.2\SCADE Display\config\Workspace\environments\UAPageCreator\A661Norm\PictureAnimated.xml
I0007: Input file: C:\Program Files (x86)\Esterel Technologies\Esterel SCADE 6.4.2\SCADE Display\config\Workspace\environments\UAPageCreator\A661Norm\Symbol.xml
I0007: Input file: C:\Program Files (x86)\Esterel Technologies\Esterel SCADE 6.4.2\SCADE Display\config\Workspace\environments\UAPageCreator\A661Norm\SymbolAnimated.xml
I0007: Input file: C:\Program Files (x86)\Esterel Technologies\Esterel SCADE 6.4.2\SCADE Display\config\Workspace\environments\UAPageCreator\A661Norm\MapHorz.xml
I0007: Input file: C:\Program Files (x86)\Esterel Technologies\Esterel SCADE 6.4.2\SCADE Display\config\Workspace\environments\UAPageCreator\A661Norm\MapHorz_Source.xml
I0007: Input file: C:\Program Files (x86)\Esterel Technologies\Esterel SCADE 6.4.2\SCADE Display\config\Workspace\environments\UAPageCreator\A661Norm\MapHorz_ItemList.xml
I0007: Input file: C:\Program Files (x86)\Esterel Technologies\Esterel SCADE 6.4.2\SCADE Display\config\Workspace\environments\UAPageCreator\A661Norm\MapVert.xml
I0007: Input file: C:\Program Files (x86)\Esterel Technologies\Esterel SCADE 6.4.2\SCADE Display\config\Workspace\environments\UAPageCreator\A661Norm\MapVert_ItemList.xml
I0007: Input file: C:\Program Files (x86)\Esterel Technologies\Esterel SCADE 6.4.2\SCADE Display\config\Workspace\environments\UAPageCreator\A661Norm\MapVert_Source.xml
I0007: Input file: C:\Program Files (x86)\Esterel Technologies\Esterel SCADE 6.4.2\SCADE Display\config\Workspace\environments\UAPageCreator\A661Norm\MapGrid.xml
I0007: Input file: C:\Program Files (x86)\Esterel Technologies\Esterel SCADE 6.4.2\SCADE Display\config\Workspace\environments\UAPageCreator\A661Norm\BufferFormat.xml
I0007: Input file: C:\Program Files (x86)\Esterel Technologies\Esterel SCADE 6.4.2\SCADE Display\config\Workspace\environments\UAPageCreator\A661Norm\Connector.xml
I0007: Input file: C:\Program Files (x86)\Esterel Technologies\Esterel SCADE 6.4.2\SCADE Display\config\Workspace\environments\UAPageCreator\A661Norm\CursorRef.xml
I0007: Input file: C:\Program Files (x86)\Esterel Technologies\Esterel SCADE 6.4.2\SCADE Display\config\Workspace\environments\UAPageCreator\A661Norm\ExternalSource.xml
I0007: Input file: C:\Program Files (x86)\Esterel Technologies\Esterel SCADE 6.4.2\SCADE Display\config\Workspace\environments\UAPageCreator\A661Norm\FocusIn.xml
I0007: Input file: C:\Program Files (x86)\Esterel Technologies\Esterel SCADE 6.4.2\SCADE Display\config\Workspace\environments\UAPageCreator\A661Norm\FocusOut.xml
I0007: Input file: C:\Program Files (x86)\Esterel Technologies\Esterel SCADE 6.4.2\SCADE Display\config\Workspace\environments\UAPageCreator\A661Norm\FocusLink.xml
I0007: Input file: C:\Program Files (x86)\Esterel Technologies\Esterel SCADE 6.4.2\SCADE Display\config\Workspace\environments\UAPageCreator\A661Norm\ProxyButton.xml
I0007: Input file: C:\Users\thais\projetosigac\DF\UTILeitos.sgfx
I0006: Generated file: C:\Users\thais\projetosigac\UA\UTICounts\Simulation\UTICounts_UA_1.hexa
I0006: Generated file: C:\Users\thais\projetosigac\UA\UTICounts\Simulation\UTICounts_UA_1.bin
I0006: Generated file: C:\Users\thais\projetosigac\UA\UTICounts\Simulation\UTICounts_UA_1.df.xml
I0006: Generated file: C:\Users\thais\projetosigac\UA\UTICounts\Simulation\UTICounts_UA_1.log
I0002: SCADE UA DF Generator finished with 0 error(s) at 2015-09-18T21:55:14.
        1 file(s) moved.

C:\Users\thais\projetosigac\UA\UTICounts\Simulation>"C:\Program Files (x86)\Esterel Technologies\Esterel SCADE 6.4.2\SCADE Display\bin\ScadeDisplayConsole.exe" batch generateA661ServerConf "C:\Users\thais\projetosigac\DF\UTILeitos.sgfx" "C:/Users/thais/projetosigac/UA/UTICounts/Simulation/UTICounts_UA_1_conf.xml" 
C:\Program Files (x86)\Esterel Technologies\Esterel SCADE 6.4.2\SCADE Display\bin\ScadeDisplayConsole.exe
Setting SCADEDISPLAY_HOME to C:\Program Files (x86)\Esterel Technologies\Esterel SCADE 6.4.2\SCADE Display
Generated file: C:\Users\thais\projetosigac\UA\UTICounts\Simulation\UTICounts_UA_1_conf.xml
Status: 0
