$*************** KCG Version 6.1.3 (build i6) ****************
** Command: kcg613.exe -config C:/ita/ces-65/REST-API/UserApplication/Simulation/config.txt
** Generation date: 2015-09-23T18:39:13
*************************************************************$
$*************** KCG Version 6.1.3 (build i6) ****************
** Command: s2c613 -config C:/ita/ces-65/REST-API/UserApplication/Simulation\kcg_s2c_config.txt
** Generation date: 2015-09-23T18:39:13
*************************************************************$
*** Semantic Warning (WAR_508): Unused input
  at file C:/ita/ces-65/REST-API/UserApplication/Simulation/scade_model_without_unused.scade, line 699, character 0
  at path Main/Comment/
 The local variable Comment is never used
*** Semantic Warning (WAR_508): Unused input
  at file C:/ita/ces-65/REST-API/UserApplication/Simulation/scade_model_without_unused.scade, line 719, character 0
  at path Main/VictimIDSize/
 The local variable VictimIDSize is never used
*** Semantic Warning (WAR_508): Unused input
  at file C:/ita/ces-65/REST-API/UserApplication/Simulation/scade_model_without_unused.scade, line 637, character 0
  at path Main/RequestPath/
 The input variable RequestPath is never used
*** Semantic Warning (WAR_508): Unused input
  at file C:/ita/ces-65/REST-API/UserApplication/Simulation/scade_model_without_unused.scade, line 641, character 0
  at path Main/Input3/
 The input variable Input3 is never used
*** Semantic Warning (WAR_508): Unused input
  at file C:/ita/ces-65/REST-API/UserApplication/Simulation/scade_model_without_unused.scade, line 645, character 0
  at path Main/Input4/
 The input variable Input4 is never used
5 warnings were found
$*************** KCG Version 6.1.3 (build i6) ****************
** s2c.log
** Generation date: 2015-09-23T18:39:21
*************************************************************$
$*************** KCG Version 6.1.3 (build i6) ****************
** C:/ita/ces-65/REST-API/UserApplication/Simulation\kcg.log
** Generation date: 2015-09-23T18:39:21
*************************************************************$
