gcc -I"." -I"C:\Program Files (x86)\Esterel Technologies\Esterel SCADE 6.4.2\SCADE\." -I"..\..\..\..\..\..\Program Files (x86)\Esterel Technologies\Esterel SCADE 6.4.2\SCADE\include" -I"..\..\..\..\..\..\Program Files (x86)\Esterel Technologies\Esterel SCADE 6.4.2\SCADE\libraries\libmathext" -O2 -pedantic -DBUILD_DLL -DEXTENDED_SIM -DSIM -DWIN32 -D_CONSOLE -D_MBCS -c "SurgeryCounts_dll.c" -o "win32\SurgeryCounts_dll.o"
gcc -I"." -I"C:\Program Files (x86)\Esterel Technologies\Esterel SCADE 6.4.2\SCADE\." -I"..\..\..\..\..\..\Program Files (x86)\Esterel Technologies\Esterel SCADE 6.4.2\SCADE\include" -I"..\..\..\..\..\..\Program Files (x86)\Esterel Technologies\Esterel SCADE 6.4.2\SCADE\libraries\libmathext" -O2 -pedantic -DBUILD_DLL -DEXTENDED_SIM -DSIM -DWIN32 -D_CONSOLE -D_MBCS -c "C:\Program Files (x86)\Esterel Technologies\Esterel SCADE 6.4.2\SCADE\lib\SmuMainWindows.c" -o "win32\SmuMainWindows.o"
gcc "win32\SurgeryCounts_dll.o" "win32\SmuMainWindows.o" -lm -lwsock32 -o "SurgeryCounts.exe" 
gcc -I"." -I"C:\Program Files (x86)\Esterel Technologies\Esterel SCADE 6.4.2\SCADE\." -I"..\..\..\..\..\..\Program Files (x86)\Esterel Technologies\Esterel SCADE 6.4.2\SCADE\include" -I"..\..\..\..\..\..\Program Files (x86)\Esterel Technologies\Esterel SCADE 6.4.2\SCADE\libraries\libmathext" -O2 -pedantic -DBUILD_DLL -DEXTENDED_SIM -DSIM -DWIN32 -D_CONSOLE -D_MBCS -c "SurgeryCounts.c" -o "win32\SurgeryCounts.o"	
ar -r SurgeryCounts.a "win32\SurgeryCounts.o"
ar: creating SurgeryCounts.a
gcc -I"." -I"C:\Program Files (x86)\Esterel Technologies\Esterel SCADE 6.4.2\SCADE\." -I"..\..\..\..\..\..\Program Files (x86)\Esterel Technologies\Esterel SCADE 6.4.2\SCADE\include" -I"..\..\..\..\..\..\Program Files (x86)\Esterel Technologies\Esterel SCADE 6.4.2\SCADE\libraries\libmathext" -O2 -pedantic -DBUILD_DLL -DEXTENDED_SIM -DSIM -DWIN32 -D_CONSOLE -D_MBCS -c "kcg_types.c" -o "win32\kcg_types.o"	
ar -r SurgeryCounts.a "win32\kcg_types.o"
gcc -I"." -I"C:\Program Files (x86)\Esterel Technologies\Esterel SCADE 6.4.2\SCADE\." -I"..\..\..\..\..\..\Program Files (x86)\Esterel Technologies\Esterel SCADE 6.4.2\SCADE\include" -I"..\..\..\..\..\..\Program Files (x86)\Esterel Technologies\Esterel SCADE 6.4.2\SCADE\libraries\libmathext" -O2 -pedantic -DBUILD_DLL -DEXTENDED_SIM -DSIM -DWIN32 -D_CONSOLE -D_MBCS -c "kcg_consts.c" -o "win32\kcg_consts.o"	
ar -r SurgeryCounts.a "win32\kcg_consts.o"
gcc -I"." -I"C:\Program Files (x86)\Esterel Technologies\Esterel SCADE 6.4.2\SCADE\." -I"..\..\..\..\..\..\Program Files (x86)\Esterel Technologies\Esterel SCADE 6.4.2\SCADE\include" -I"..\..\..\..\..\..\Program Files (x86)\Esterel Technologies\Esterel SCADE 6.4.2\SCADE\libraries\libmathext" -O2 -pedantic -DBUILD_DLL -DEXTENDED_SIM -DSIM -DWIN32 -D_CONSOLE -D_MBCS -c "SurgeryCounts_UA_1.c" -o "win32\SurgeryCounts_UA_1.o"
gcc -I"." -I"C:\Program Files (x86)\Esterel Technologies\Esterel SCADE 6.4.2\SCADE\." -I"..\..\..\..\..\..\Program Files (x86)\Esterel Technologies\Esterel SCADE 6.4.2\SCADE\include" -I"..\..\..\..\..\..\Program Files (x86)\Esterel Technologies\Esterel SCADE 6.4.2\SCADE\libraries\libmathext" -O2 -pedantic -DBUILD_DLL -DEXTENDED_SIM -DSIM -DWIN32 -D_CONSOLE -D_MBCS -c "..\..\..\..\..\..\Program Files (x86)\Esterel Technologies\Esterel SCADE 6.4.2\SCADE\lib\A661Cosim.c" -o "win32\A661Cosim.o"
gcc -I"." -I"C:\Program Files (x86)\Esterel Technologies\Esterel SCADE 6.4.2\SCADE\." -I"..\..\..\..\..\..\Program Files (x86)\Esterel Technologies\Esterel SCADE 6.4.2\SCADE\include" -I"..\..\..\..\..\..\Program Files (x86)\Esterel Technologies\Esterel SCADE 6.4.2\SCADE\libraries\libmathext" -O2 -pedantic -DBUILD_DLL -DEXTENDED_SIM -DSIM -DWIN32 -D_CONSOLE -D_MBCS -c "SurgeryCounts_cosim.c" -o "win32\SurgeryCounts_cosim.o"
gcc -I"." -I"C:\Program Files (x86)\Esterel Technologies\Esterel SCADE 6.4.2\SCADE\." -I"..\..\..\..\..\..\Program Files (x86)\Esterel Technologies\Esterel SCADE 6.4.2\SCADE\include" -I"..\..\..\..\..\..\Program Files (x86)\Esterel Technologies\Esterel SCADE 6.4.2\SCADE\libraries\libmathext" -O2 -pedantic -DBUILD_DLL -DEXTENDED_SIM -DSIM -DWIN32 -D_CONSOLE -D_MBCS -c "SurgeryCounts_type.c" -o "win32\SurgeryCounts_type.o"
gcc -I"." -I"C:\Program Files (x86)\Esterel Technologies\Esterel SCADE 6.4.2\SCADE\." -I"..\..\..\..\..\..\Program Files (x86)\Esterel Technologies\Esterel SCADE 6.4.2\SCADE\include" -I"..\..\..\..\..\..\Program Files (x86)\Esterel Technologies\Esterel SCADE 6.4.2\SCADE\libraries\libmathext" -O2 -pedantic -DBUILD_DLL -DEXTENDED_SIM -DSIM -DWIN32 -D_CONSOLE -D_MBCS -c "SurgeryCounts_mapping.c" -o "win32\SurgeryCounts_mapping.o"
gcc -I"." -I"C:\Program Files (x86)\Esterel Technologies\Esterel SCADE 6.4.2\SCADE\." -I"..\..\..\..\..\..\Program Files (x86)\Esterel Technologies\Esterel SCADE 6.4.2\SCADE\include" -I"..\..\..\..\..\..\Program Files (x86)\Esterel Technologies\Esterel SCADE 6.4.2\SCADE\libraries\libmathext" -O2 -pedantic -DBUILD_DLL -DEXTENDED_SIM -DSIM -DWIN32 -D_CONSOLE -D_MBCS -c "SurgeryCounts_interface.c" -o "win32\SurgeryCounts_interface.o"
gcc -I"." -I"C:\Program Files (x86)\Esterel Technologies\Esterel SCADE 6.4.2\SCADE\." -I"..\..\..\..\..\..\Program Files (x86)\Esterel Technologies\Esterel SCADE 6.4.2\SCADE\include" -I"..\..\..\..\..\..\Program Files (x86)\Esterel Technologies\Esterel SCADE 6.4.2\SCADE\libraries\libmathext" -O2 -pedantic -DBUILD_DLL -DEXTENDED_SIM -DSIM -DWIN32 -D_CONSOLE -D_MBCS -c "C:\Program Files (x86)\Esterel Technologies\Esterel SCADE 6.4.2\SCADE\lib\SmuProxy.c" -o "win32\SmuProxy.o"
copy "C:\Program Files (x86)\Esterel Technologies\Esterel SCADE 6.4.2\SCADE\lib\SmuExport.def" "SmuExport.def"
        1 file(s) copied.
dllwrap --driver-name=gcc  "win32\SurgeryCounts_UA_1.o" "win32\A661Cosim.o" "win32\SurgeryCounts_cosim.o" "win32\SurgeryCounts_type.o" "win32\SurgeryCounts_mapping.o" "win32\SurgeryCounts_interface.o" "win32\SmuProxy.o" "SurgeryCounts.a" --def "SmuExport.def" -lm -lwsock32 --dllname "SurgeryCounts.dll" 
