$**************  SCADETOC Version 6.4.2 (build i26) **************
** Generation date: 2015-09-24T10:15:32
** Command: scade -code "C:\Users\thais\projetosigac\UA\UTI-availability\UTI-availability.etp" -node UTI -conf Simulation -build
*************************************************************$
*** Generated Files Information (GENFIL): KCG- Generated files
 ~kcg.log
  at file C:\Users\thais\projetosigac\UA\UTI-availability\Simulation\kcg.log, line 0, character 0
 ~kcg_s2c_config.txt
  at file C:\Users\thais\projetosigac\UA\UTI-availability\Simulation\kcg_s2c_config.txt, line 0, character 0
 ~kcg_trace.xml
  at file C:\Users\thais\projetosigac\UA\UTI-availability\Simulation\kcg_trace.xml, line 0, character 0
 ~kcg_metrics.txt
  at file C:\Users\thais\projetosigac\UA\UTI-availability\Simulation\kcg_metrics.txt, line 0, character 0
 ~UTI.c
  at file C:\Users\thais\projetosigac\UA\UTI-availability\Simulation\UTI.c, line 0, character 0
 ~UTI.h
  at file C:\Users\thais\projetosigac\UA\UTI-availability\Simulation\UTI.h, line 0, character 0
 ~kcg_types.h
  at file C:\Users\thais\projetosigac\UA\UTI-availability\Simulation\kcg_types.h, line 0, character 0
 ~kcg_consts.h
  at file C:\Users\thais\projetosigac\UA\UTI-availability\Simulation\kcg_consts.h, line 0, character 0
 ~kcg_sensors.h
  at file C:\Users\thais\projetosigac\UA\UTI-availability\Simulation\kcg_sensors.h, line 0, character 0
 ~kcg_types.c
  at file C:\Users\thais\projetosigac\UA\UTI-availability\Simulation\kcg_types.c, line 0, character 0
 ~kcg_consts.c
  at file C:\Users\thais\projetosigac\UA\UTI-availability\Simulation\kcg_consts.c, line 0, character 0
*** Generated Files Information (GENFIL): Simulator Generated files
 ~UTI_UA_1.c
  at file C:\Users\thais\projetosigac\UA\UTI-availability\Simulation\UTI_UA_1.c, line 0, character 0
 ~UTI_UA_1.h
  at file C:\Users\thais\projetosigac\UA\UTI-availability\Simulation\UTI_UA_1.h, line 0, character 0
 ~UTI_cosim.c
  at file C:\Users\thais\projetosigac\UA\UTI-availability\Simulation\UTI_cosim.c, line 0, character 0
 ~UTI_type.h
  at file C:\Users\thais\projetosigac\UA\UTI-availability\Simulation\UTI_type.h, line 0, character 0
 ~UTI_type.c
  at file C:\Users\thais\projetosigac\UA\UTI-availability\Simulation\UTI_type.c, line 0, character 0
 ~UTI_mapping.h
  at file C:\Users\thais\projetosigac\UA\UTI-availability\Simulation\UTI_mapping.h, line 0, character 0
 ~UTI_mapping.c
  at file C:\Users\thais\projetosigac\UA\UTI-availability\Simulation\UTI_mapping.c, line 0, character 0
 ~UTI_interface.h
  at file C:\Users\thais\projetosigac\UA\UTI-availability\Simulation\UTI_interface.h, line 0, character 0
 ~UTI_interface.c
  at file C:\Users\thais\projetosigac\UA\UTI-availability\Simulation\UTI_interface.c, line 0, character 0
 ~UTI_dll.c
  at file C:\Users\thais\projetosigac\UA\UTI-availability\Simulation\UTI_dll.c, line 0, character 0
*** Generated Files Information (GENFIL): Type Utils Generated files
 ~UTI-availability_newtype.h
  at file C:\Users\thais\projetosigac\UA\UTI-availability\Simulation\UTI-availability_newtype.h, line 0, character 0
 ~UTI-availability_newtype.c
  at file C:\Users\thais\projetosigac\UA\UTI-availability\Simulation\UTI-availability_newtype.c, line 0, character 0
*** Generated Files Information (GENFIL): Mapping Utils Generated files
 ~UTI-availability_newmapping.h
  at file C:\Users\thais\projetosigac\UA\UTI-availability\Simulation\UTI-availability_newmapping.h, line 0, character 0
 ~UTI-availability_newmapping.c
  at file C:\Users\thais\projetosigac\UA\UTI-availability\Simulation\UTI-availability_newmapping.c, line 0, character 0
*** Generated Files Information (GENFIL): Build Generated files
 ~Makefile
  at file C:\Users\thais\projetosigac\UA\UTI-availability\Simulation\Makefile, line 0, character 0
 ~UTI.dll
  at file C:\Users\thais\projetosigac\UA\UTI-availability\Simulation\UTI.dll, line 0, character 0
 ~UTI.exe
  at file C:\Users\thais\projetosigac\UA\UTI-availability\Simulation\UTI.exe, line 0, character 0
*** Generated Files Information (GENFIL): Code Generator Generated files
 ~sc2c.log
  at file C:\Users\thais\projetosigac\UA\UTI-availability\Simulation\sc2c.log, line 0, character 0
 ~sc2c_integration_files.txt
  at file C:\Users\thais\projetosigac\UA\UTI-availability\Simulation\sc2c_integration_files.txt, line 0, character 0
$**************  SCADETOC Version 6.4.2 (build i26) **************
** Generation date: 2015-09-24T10:16:02
** sc2c.log
*************************************************************$
